<?xml version="1.0" encoding="UTF-8"?>
<!-- Generated by org.testng.reporters.JUnitReportReporter -->
<testsuite hostname="GNLNB-PG018YN0" failures="0" tests="1" name="Testing.TestingDatabaseMethods" time="0.577" errors="0" timestamp="2021-02-17T16:14:32 IST" skipped="0">
  <testcase classname="Testing.TestingDatabaseMethods" name="TestSQLQueries" time="0.577"/>
  <system-out/>
</testsuite> <!-- Testing.TestingDatabaseMethods -->
