<?xml version="1.0" encoding="UTF-8"?>
<!-- Generated by org.testng.reporters.JUnitReportReporter -->
<testsuite hostname="GNLNB-PG018YN0" failures="0" tests="4" name="Testing.TestAuto" time="74.554" errors="0" timestamp="2021-02-15T11:49:26 IST" skipped="0">
  <testcase classname="Testing.TestAuto" name="ExecuteTestssecond" time="20.376"/>
  <system-out/>
  <testcase classname="Testing.TestAuto" name="ExecuteTestssixth" time="18.048"/>
  <system-out/>
  <testcase classname="Testing.TestAuto" name="ExecuteTestsseventh" time="18.292"/>
  <system-out/>
  <testcase classname="Testing.TestAuto" name="ExecuteTestseigth" time="17.838"/>
  <system-out/>
</testsuite> <!-- Testing.TestAuto -->
