<?xml version="1.0" encoding="UTF-8"?>
<!-- Generated by org.testng.reporters.JUnitReportReporter -->
<testsuite hostname="GNLNB-PG018YN0" failures="0" tests="1" name="Testing.TestAuto" time="19.799" errors="0" timestamp="2021-02-13T18:04:35 IST" skipped="0">
  <testcase classname="Testing.TestAuto" name="ExecuteTests" time="19.799"/>
  <system-out/>
</testsuite> <!-- Testing.TestAuto -->
