<?xml version="1.0" encoding="UTF-8"?>
<!-- Generated by org.testng.reporters.JUnitReportReporter -->
<testsuite hostname="GNLNB-PG018YN0" failures="0" tests="1" name="DBConnection.DBConnection.TestAuto" time="0.010" errors="0" timestamp="2021-02-12T17:39:58 IST" skipped="0">
  <testcase classname="DBConnection.DBConnection.TestAuto" name="f" time="0.010"/>
  <system-out/>
</testsuite> <!-- DBConnection.DBConnection.TestAuto -->
