<?xml version="1.0" encoding="UTF-8"?>
<!-- Generated by org.testng.reporters.JUnitReportReporter -->
<testsuite hostname="GNLNB-PG018YN0" failures="0" tests="1" name="Testing.TestAuto" time="19.274" errors="0" timestamp="2021-02-15T00:57:10 IST" skipped="0">
  <testcase classname="Testing.TestAuto" name="ExecuteTestssecond" time="19.274"/>
  <system-out/>
</testsuite> <!-- Testing.TestAuto -->
