<?xml version="1.0" encoding="UTF-8"?>
<!-- Generated by org.testng.reporters.JUnitReportReporter -->
<testsuite hostname="GNLNB-PG018YN0" failures="0" tests="1" name="Testing.TestAuto" time="50.790" errors="0" timestamp="2021-02-12T19:40:32 IST" skipped="0">
  <testcase classname="Testing.TestAuto" name="ExecuteTests" time="50.790"/>
  <system-out/>
</testsuite> <!-- Testing.TestAuto -->
